Running: j:\Xilinx\14.7\ISE_DS\ISE\bin\nt64\unwrapped\fuse.exe -intstyle ise -incremental -o D:/FPGA Example/MyVGA/VGA_tb1_isim_beh.exe -prj D:/FPGA Example/MyVGA/VGA_tb1_beh.prj work.VGA_tb1 
ISim P.20131013 (signature 0x7708f090)
Number of CPUs detected in this system: 2
Turning on mult-threading, number of parallel sub-compilation jobs: 4 
Determining compilation order of HDL files
Parsing VHDL file "D:/FPGA Example/MyVGA/OwnVGA.vhd" into library work
Parsing VHDL file "D:/FPGA Example/MyVGA/VGA_tb1.vhd" into library work
Starting static elaboration
Completed static elaboration
Compiling package standard
Compiling package std_logic_1164
Compiling package std_logic_arith
Compiling package std_logic_unsigned
Compiling architecture behavioral of entity MyVGA [myvga_default]
Compiling architecture behavior of entity vga_tb1
Time Resolution for simulation is 1ps.
Waiting for 2 sub-compilation(s) to finish...
WARNING:Simulator - Unable to copy libPortabilityNOSH.dll to the simulation executable directory: boost::filesystem::copy_file: The system cannot find the path specified, "isim\VGA_tb1_isim_beh.exe.sim\libPortability.dll".
Compiled 7 VHDL Units
Built simulation executable D:/FPGA Example/MyVGA/VGA_tb1_isim_beh.exe
Fuse Memory Usage: 33400 KB
Fuse CPU Usage: 530 ms
