--------------------------------------------------------------------------------
Release 14.7 Trace  (nt64)
Copyright (c) 1995-2013 Xilinx, Inc.  All rights reserved.

j:\Xilinx\14.7\ISE_DS\ISE\bin\nt64\unwrapped\trce.exe -intstyle ise -v 3 -s 4
-n 3 -fastpaths -xml MyVGA_BouncingBall.twx MyVGA_BouncingBall.ncd -o
MyVGA_BouncingBall.twr MyVGA_BouncingBall.pcf -ucf pins.ucf

Design file:              MyVGA_BouncingBall.ncd
Physical constraint file: MyVGA_BouncingBall.pcf
Device,package,speed:     xc3s400,pq208,-4 (PRODUCTION 1.39 2013-10-13)
Report level:             verbose report

Environment Variable      Effect 
--------------------      ------ 
NONE                      No environment variables were set
--------------------------------------------------------------------------------

INFO:Timing:2698 - No timing constraints found, doing default enumeration.
INFO:Timing:3412 - To improve timing, see the Timing Closure User Guide (UG612).
INFO:Timing:2752 - To get complete path coverage, use the unconstrained paths 
   option. All paths that are not constrained will be reported in the 
   unconstrained paths section(s) of the report.
INFO:Timing:3339 - The clock-to-out numbers in this timing report are based on 
   a 50 Ohm transmission line loading model.  For the details of this model, 
   and for more information on accounting for different loading conditions, 
   please see the device datasheet.
INFO:Timing:3390 - This architecture does not support a default System Jitter 
   value, please add SYSTEM_JITTER constraint to the UCF to modify the Clock 
   Uncertainty calculation.
INFO:Timing:3389 - This architecture does not support 'Discrete Jitter' and 
   'Phase Error' calculations, these terms will be zero in the Clock 
   Uncertainty calculation.  Please make appropriate modification to 
   SYSTEM_JITTER to account for the unsupported Discrete Jitter and Phase 
   Error.



Data Sheet report:
-----------------
All values displayed in nanoseconds (ns)

Clock CLK_50MHz to Pad
------------+------------+------------------+--------+
            | clk (edge) |                  | Clock  |
Destination |   to PAD   |Internal Clock(s) | Phase  |
------------+------------+------------------+--------+
BLUE<1>     |   23.725(R)|CLK_50MHz_BUFGP   |   0.000|
BLUE<2>     |   19.961(R)|CLK_50MHz_BUFGP   |   0.000|
GREEN<0>    |   25.003(R)|CLK_50MHz_BUFGP   |   0.000|
GREEN<1>    |   21.048(R)|CLK_50MHz_BUFGP   |   0.000|
GREEN<2>    |   20.659(R)|CLK_50MHz_BUFGP   |   0.000|
RED<0>      |   24.787(R)|CLK_50MHz_BUFGP   |   0.000|
RED<1>      |   20.284(R)|CLK_50MHz_BUFGP   |   0.000|
RED<2>      |   19.943(R)|CLK_50MHz_BUFGP   |   0.000|
------------+------------+------------------+--------+

Clock to Setup on destination clock CLK_50MHz
---------------+---------+---------+---------+---------+
               | Src:Rise| Src:Fall| Src:Rise| Src:Fall|
Source Clock   |Dest:Rise|Dest:Rise|Dest:Fall|Dest:Fall|
---------------+---------+---------+---------+---------+
CLK_50MHz      |    6.824|         |         |         |
---------------+---------+---------+---------+---------+


Analysis completed Mon May 15 15:43:48 2017 
--------------------------------------------------------------------------------

Trace Settings:
-------------------------
Trace Settings 

Peak Memory Usage: 161 MB



