INFO:sim:172 - Generating IP...
Applying current project options...
Finished applying current project options.
WARNING:sim - A core named 'ram' already exists in the project. Output products
   for this core may be overwritten.
Resolving generics for 'ram'...
WARNING:sim - A core named 'ram' already exists in the project. Output products
   for this core may be overwritten.
Applying external generics to 'ram'...
Delivering associated files for 'ram'...
Delivering EJava files for 'ram'...
Generating implementation netlist for 'ram'...
INFO:sim - Pre-processing HDL files for 'ram'...
Running synthesis for 'ram'
Running ngcbuild...
Writing VHO instantiation template for 'ram'...
Writing VHDL behavioral simulation model for 'ram'...
WARNING:sim - Overwriting existing file D:/FPGA
   Example/MyVGA/ipcore_dir/tmp/_cg/ram/doc/blk_mem_gen_v7_3_vinfo.html with
   file from view xilinx_documentation
Delivered 1 file into directory D:/FPGA Example/MyVGA/ipcore_dir/tmp/_cg/ram
Generating ASY schematic symbol...
INFO:sim:949 - Finished generation of ASY schematic symbol.
Generating SYM schematic symbol for 'ram'...
Generating metadata file...
Regenerating ISE project file for 'ram'...
Generating ISE project...
XCO file found: ram.xco
XMDF file found: ram_xmdf.tcl
Adding D:/FPGA Example/MyVGA/ipcore_dir/tmp/_cg/ram.asy -view all -origin_type
imported
Adding D:/FPGA Example/MyVGA/ipcore_dir/tmp/_cg/ram.ngc -view all -origin_type
created
Checking file "D:/FPGA Example/MyVGA/ipcore_dir/tmp/_cg/ram.ngc" for project
device match ...
File "D:/FPGA Example/MyVGA/ipcore_dir/tmp/_cg/ram.ngc" device information
matches project device.
Adding D:/FPGA Example/MyVGA/ipcore_dir/tmp/_cg/ram.sym -view all -origin_type
imported
Adding D:/FPGA Example/MyVGA/ipcore_dir/tmp/_cg/ram.vhd -view all -origin_type
created
INFO:HDLCompiler:1061 - Parsing VHDL file "D:/FPGA
   Example/MyVGA/ipcore_dir/tmp/_cg/ram.vhd" into library work
INFO:ProjectMgmt - Parsing design hierarchy completed successfully.
Adding D:/FPGA Example/MyVGA/ipcore_dir/tmp/_cg/ram.vho -view all -origin_type
imported
INFO:TclTasksC:2116 - The automatic calculation of top has been turned-off.
   Please set the new top explicitly by running the "project set top" command.
   To re-calculate the new top automatically, set the "Auto Implementation Top"
   property to true.
Top level has been set to "/ram"
Generating README file...
Generating FLIST file...
INFO:sim:948 - Finished FLIST file generation.
Launching README viewer...
Moving files to output directory...
Finished moving files to output directory
Wrote CGP file for project 'ram'.
